<?xml version="1.0" encoding="UTF-8"?>
<testsuite xmlns:xsi="http://www.w3.org/2001/XMLSchema-instance" xsi:noNamespaceSchemaLocation="https://maven.apache.org/surefire/maven-surefire-plugin/xsd/surefire-test-report.xsd" name="TestSNT" time="0.221" tests="14" errors="0" skipped="0" failures="0">
  <properties>
    <property name="java.specification.version" value="19"/>
    <property name="sun.cpu.isalist" value="amd64"/>
    <property name="sun.jnu.encoding" value="Cp1252"/>
    <property name="java.class.path" value="C:\Users\THU HANG\OneDrive\Documents\KTPM\BT\JUnitKTSNT\target\test-classes;C:\Users\THU HANG\OneDrive\Documents\KTPM\BT\JUnitKTSNT\target\classes;C:\Users\THU HANG\.m2\repository\org\junit\jupiter\junit-jupiter-engine\5.8.1\junit-jupiter-engine-5.8.1.jar;C:\Users\THU HANG\.m2\repository\org\junit\platform\junit-platform-engine\1.8.1\junit-platform-engine-1.8.1.jar;C:\Users\THU HANG\.m2\repository\org\opentest4j\opentest4j\1.2.0\opentest4j-1.2.0.jar;C:\Users\THU HANG\.m2\repository\org\junit\platform\junit-platform-commons\1.8.1\junit-platform-commons-1.8.1.jar;C:\Users\THU HANG\.m2\repository\org\junit\jupiter\junit-jupiter-api\5.8.1\junit-jupiter-api-5.8.1.jar;C:\Users\THU HANG\.m2\repository\org\apiguardian\apiguardian-api\1.1.2\apiguardian-api-1.1.2.jar;C:\Users\THU HANG\.m2\repository\org\junit\jupiter\junit-jupiter-params\5.8.1\junit-jupiter-params-5.8.1.jar;"/>
    <property name="java.vm.vendor" value="Oracle Corporation"/>
    <property name="sun.arch.data.model" value="64"/>
    <property name="user.variant" value=""/>
    <property name="java.vendor.url" value="https://java.oracle.com/"/>
    <property name="user.timezone" value="Asia/Saigon"/>
    <property name="os.name" value="Windows 10"/>
    <property name="java.vm.specification.version" value="19"/>
    <property name="user.country" value="US"/>
    <property name="sun.java.launcher" value="SUN_STANDARD"/>
    <property name="sun.boot.library.path" value="C:\Program Files\Java\jdk-19\bin"/>
    <property name="sun.java.command" value="C:\Users\THUHAN~1\AppData\Local\Temp\surefire192905606195056512\surefirebooter14603887159861640251.jar C:\Users\THU HANG\AppData\Local\Temp\surefire192905606195056512 2022-11-12T21-46-54_266-jvmRun1 surefire14279917676347440363tmp surefire_0736564491688041761tmp"/>
    <property name="jdk.debug" value="release"/>
    <property name="test" value="TestSNT"/>
    <property name="surefire.test.class.path" value="C:\Users\THU HANG\OneDrive\Documents\KTPM\BT\JUnitKTSNT\target\test-classes;C:\Users\THU HANG\OneDrive\Documents\KTPM\BT\JUnitKTSNT\target\classes;C:\Users\THU HANG\.m2\repository\org\junit\jupiter\junit-jupiter-engine\5.8.1\junit-jupiter-engine-5.8.1.jar;C:\Users\THU HANG\.m2\repository\org\junit\platform\junit-platform-engine\1.8.1\junit-platform-engine-1.8.1.jar;C:\Users\THU HANG\.m2\repository\org\opentest4j\opentest4j\1.2.0\opentest4j-1.2.0.jar;C:\Users\THU HANG\.m2\repository\org\junit\platform\junit-platform-commons\1.8.1\junit-platform-commons-1.8.1.jar;C:\Users\THU HANG\.m2\repository\org\junit\jupiter\junit-jupiter-api\5.8.1\junit-jupiter-api-5.8.1.jar;C:\Users\THU HANG\.m2\repository\org\apiguardian\apiguardian-api\1.1.2\apiguardian-api-1.1.2.jar;C:\Users\THU HANG\.m2\repository\org\junit\jupiter\junit-jupiter-params\5.8.1\junit-jupiter-params-5.8.1.jar;"/>
    <property name="sun.cpu.endian" value="little"/>
    <property name="user.home" value="C:\Users\THU HANG"/>
    <property name="user.language" value="en"/>
    <property name="java.specification.vendor" value="Oracle Corporation"/>
    <property name="java.version.date" value="2022-10-18"/>
    <property name="java.home" value="C:\Program Files\Java\jdk-19"/>
    <property name="file.separator" value="\"/>
    <property name="basedir" value="C:\Users\THU HANG\OneDrive\Documents\KTPM\BT\JUnitKTSNT"/>
    <property name="java.vm.compressedOopsMode" value="32-bit"/>
    <property name="line.separator" value="&#10;"/>
    <property name="java.vm.specification.vendor" value="Oracle Corporation"/>
    <property name="java.specification.name" value="Java Platform API Specification"/>
    <property name="surefire.real.class.path" value="C:\Users\THUHAN~1\AppData\Local\Temp\surefire192905606195056512\surefirebooter14603887159861640251.jar"/>
    <property name="user.script" value=""/>
    <property name="sun.management.compiler" value="HotSpot 64-Bit Tiered Compilers"/>
    <property name="java.runtime.version" value="19.0.1+10-21"/>
    <property name="user.name" value="THU HANG"/>
    <property name="stdout.encoding" value="Cp1252"/>
    <property name="path.separator" value=";"/>
    <property name="os.version" value="10.0"/>
    <property name="java.runtime.name" value="Java(TM) SE Runtime Environment"/>
    <property name="file.encoding" value="UTF-8"/>
    <property name="java.vm.name" value="Java HotSpot(TM) 64-Bit Server VM"/>
    <property name="maven.ext.class.path" value="D:\netbean\NetBeans-15\netbeans\java\maven-nblib\netbeans-eventspy.jar"/>
    <property name="localRepository" value="C:\Users\THU HANG\.m2\repository"/>
    <property name="java.vendor.url.bug" value="https://bugreport.java.com/bugreport/"/>
    <property name="java.io.tmpdir" value="C:\Users\THUHAN~1\AppData\Local\Temp\"/>
    <property name="java.version" value="19.0.1"/>
    <property name="user.dir" value="C:\Users\THU HANG\OneDrive\Documents\KTPM\BT\JUnitKTSNT"/>
    <property name="os.arch" value="amd64"/>
    <property name="java.vm.specification.name" value="Java Virtual Machine Specification"/>
    <property name="sun.os.patch.level" value=""/>
    <property name="native.encoding" value="Cp1252"/>
    <property name="java.library.path" value="C:\Program Files\Java\jdk-19\bin;C:\WINDOWS\Sun\Java\bin;C:\WINDOWS\system32;C:\WINDOWS;C:\Program Files\Common Files\Oracle\Java\javapath;C:\WINDOWS\system32;C:\WINDOWS;C:\WINDOWS\System32\Wbem;C:\WINDOWS\System32\WindowsPowerShell\v1.0\;C:\WINDOWS\System32\OpenSSH\;C:\Program Files\Microsoft SQL Server\Client SDK\ODBC\170\Tools\Binn\;C:\Program Files (x86)\Microsoft SQL Server\150\Tools\Binn\;C:\Program Files\Microsoft SQL Server\150\Tools\Binn\;C:\Program Files\Microsoft SQL Server\150\DTS\Binn\;C:\Program Files\Azure Data Studio\bin;C:\Program Files (x86)\Microsoft SQL Server\150\DTS\Binn\;C:\Program Files\dotnet\;D:\GITHUB\Git\cmd;C:\Users\THU HANG\AppData\Local\Microsoft\WindowsApps;C:\Program Files\Azure Data Studio\bin;C:\Users\THU HANG\.dotnet\tools;."/>
    <property name="java.vm.info" value="mixed mode, sharing"/>
    <property name="stderr.encoding" value="Cp1252"/>
    <property name="java.vendor" value="Oracle Corporation"/>
    <property name="java.vm.version" value="19.0.1+10-21"/>
    <property name="sun.io.unicode.encoding" value="UnicodeLittle"/>
    <property name="java.class.version" value="63.0"/>
  </properties>
  <testcase name="TestAllFiles{int, boolean, String}[1]" classname="TestSNT" time="0.077"/>
  <testcase name="TestAllFiles{int, boolean, String}[2]" classname="TestSNT" time="0.001"/>
  <testcase name="TestAllFiles{int, boolean, String}[3]" classname="TestSNT" time="0.001"/>
  <testcase name="TestException" classname="TestSNT" time="0.008"/>
  <testcase name="TestSNChan" classname="TestSNT" time="0.001"/>
  <testcase name="TestNhieugiatrigiongnhau{int}[1]" classname="TestSNT" time="0.002"/>
  <testcase name="TestNhieugiatrigiongnhau{int}[2]" classname="TestSNT" time="0.001"/>
  <testcase name="TestNhieugiatrigiongnhau{int}[3]" classname="TestSNT" time="0"/>
  <testcase name="TestNhieugiatrigiongnhau{int}[4]" classname="TestSNT" time="0.001"/>
  <testcase name="TestNhieugiatrigiongnhau{int}[5]" classname="TestSNT" time="0.001"/>
  <testcase name="TestNhieugiatrikhacnhau{int, boolean, String}[1]" classname="TestSNT" time="0.002"/>
  <testcase name="TestNhieugiatrikhacnhau{int, boolean, String}[2]" classname="TestSNT" time="0"/>
  <testcase name="TestNhieugiatrikhacnhau{int, boolean, String}[3]" classname="TestSNT" time="0"/>
  <testcase name="TestSNTLe" classname="TestSNT" time="0"/>
</testsuite>